Performing C++ SOURCE FILE Test CMAKE_HAVE_LIBC_PTHREAD failed with the following output:
Change Dir: /home/wigir/dev/thirdparty/iai_kinect2_ws/src/iai_kinect2/kinect2_registration/CMakeFiles/CMakeTmp

Run Build Command(s):/usr/bin/make cmTC_33fb4/fast && /usr/bin/make -f CMakeFiles/cmTC_33fb4.dir/build.make CMakeFiles/cmTC_33fb4.dir/build
make[1]: Entering directory '/home/wigir/dev/thirdparty/iai_kinect2_ws/src/iai_kinect2/kinect2_registration/CMakeFiles/CMakeTmp'
Building CXX object CMakeFiles/cmTC_33fb4.dir/src.cxx.o
/usr/bin/c++    -DBT_USE_DOUBLE_PRECISION -Wall -Wuninitialized -Winit-self -Wunused-function -Wunused-label -Wunused-variable -Wunused-but-set-variable -Wunused-but-set-parameter -Warray-bounds -Wtype-limits -Wreturn-type -Wsequence-point -Wparentheses -Wmissing-braces -Wchar-subscripts -Wswitch -Wwrite-strings -Wenum-compare -Wempty-body -std=c++14 -DCMAKE_HAVE_LIBC_PTHREAD   -o CMakeFiles/cmTC_33fb4.dir/src.cxx.o -c /home/wigir/dev/thirdparty/iai_kinect2_ws/src/iai_kinect2/kinect2_registration/CMakeFiles/CMakeTmp/src.cxx
Linking CXX executable cmTC_33fb4
/usr/bin/cmake -E cmake_link_script CMakeFiles/cmTC_33fb4.dir/link.txt --verbose=1
/usr/bin/c++   -DBT_USE_DOUBLE_PRECISION -Wall -Wuninitialized -Winit-self -Wunused-function -Wunused-label -Wunused-variable -Wunused-but-set-variable -Wunused-but-set-parameter -Warray-bounds -Wtype-limits -Wreturn-type -Wsequence-point -Wparentheses -Wmissing-braces -Wchar-subscripts -Wswitch -Wwrite-strings -Wenum-compare -Wempty-body -std=c++14 -DCMAKE_HAVE_LIBC_PTHREAD    -rdynamic CMakeFiles/cmTC_33fb4.dir/src.cxx.o  -o cmTC_33fb4 
/usr/bin/ld: CMakeFiles/cmTC_33fb4.dir/src.cxx.o: in function `main':
src.cxx:(.text+0x46): undefined reference to `pthread_create'
/usr/bin/ld: src.cxx:(.text+0x52): undefined reference to `pthread_detach'
/usr/bin/ld: src.cxx:(.text+0x63): undefined reference to `pthread_join'
collect2: error: ld returned 1 exit status
make[1]: *** [CMakeFiles/cmTC_33fb4.dir/build.make:87: cmTC_33fb4] Error 1
make[1]: Leaving directory '/home/wigir/dev/thirdparty/iai_kinect2_ws/src/iai_kinect2/kinect2_registration/CMakeFiles/CMakeTmp'
make: *** [Makefile:121: cmTC_33fb4/fast] Error 2


Source file was:
#include <pthread.h>

void* test_func(void* data)
{
  return data;
}

int main(void)
{
  pthread_t thread;
  pthread_create(&thread, NULL, test_func, NULL);
  pthread_detach(thread);
  pthread_join(thread, NULL);
  pthread_atfork(NULL, NULL, NULL);
  pthread_exit(NULL);

  return 0;
}

Determining if the function pthread_create exists in the pthreads failed with the following output:
Change Dir: /home/wigir/dev/thirdparty/iai_kinect2_ws/src/iai_kinect2/kinect2_registration/CMakeFiles/CMakeTmp

Run Build Command(s):/usr/bin/make cmTC_ad198/fast && /usr/bin/make -f CMakeFiles/cmTC_ad198.dir/build.make CMakeFiles/cmTC_ad198.dir/build
make[1]: Entering directory '/home/wigir/dev/thirdparty/iai_kinect2_ws/src/iai_kinect2/kinect2_registration/CMakeFiles/CMakeTmp'
Building CXX object CMakeFiles/cmTC_ad198.dir/CheckFunctionExists.cxx.o
/usr/bin/c++    -DBT_USE_DOUBLE_PRECISION -Wall -Wuninitialized -Winit-self -Wunused-function -Wunused-label -Wunused-variable -Wunused-but-set-variable -Wunused-but-set-parameter -Warray-bounds -Wtype-limits -Wreturn-type -Wsequence-point -Wparentheses -Wmissing-braces -Wchar-subscripts -Wswitch -Wwrite-strings -Wenum-compare -Wempty-body -std=c++14 -DCHECK_FUNCTION_EXISTS=pthread_create   -o CMakeFiles/cmTC_ad198.dir/CheckFunctionExists.cxx.o -c /home/wigir/dev/thirdparty/iai_kinect2_ws/src/iai_kinect2/kinect2_registration/CMakeFiles/CheckLibraryExists/CheckFunctionExists.cxx
Linking CXX executable cmTC_ad198
/usr/bin/cmake -E cmake_link_script CMakeFiles/cmTC_ad198.dir/link.txt --verbose=1
/usr/bin/c++   -DBT_USE_DOUBLE_PRECISION -Wall -Wuninitialized -Winit-self -Wunused-function -Wunused-label -Wunused-variable -Wunused-but-set-variable -Wunused-but-set-parameter -Warray-bounds -Wtype-limits -Wreturn-type -Wsequence-point -Wparentheses -Wmissing-braces -Wchar-subscripts -Wswitch -Wwrite-strings -Wenum-compare -Wempty-body -std=c++14 -DCHECK_FUNCTION_EXISTS=pthread_create    -rdynamic CMakeFiles/cmTC_ad198.dir/CheckFunctionExists.cxx.o  -o cmTC_ad198  -lpthreads 
/usr/bin/ld: cannot find -lpthreads
collect2: error: ld returned 1 exit status
make[1]: *** [CMakeFiles/cmTC_ad198.dir/build.make:87: cmTC_ad198] Error 1
make[1]: Leaving directory '/home/wigir/dev/thirdparty/iai_kinect2_ws/src/iai_kinect2/kinect2_registration/CMakeFiles/CMakeTmp'
make: *** [Makefile:121: cmTC_ad198/fast] Error 2



Determining if the CL_VERSION_2_0 exist failed with the following output:
Change Dir: /home/wigir/dev/thirdparty/iai_kinect2_ws/src/iai_kinect2/kinect2_registration/CMakeFiles/CMakeTmp

Run Build Command(s):/usr/bin/make cmTC_63e9e/fast && /usr/bin/make -f CMakeFiles/cmTC_63e9e.dir/build.make CMakeFiles/cmTC_63e9e.dir/build
make[1]: Entering directory '/home/wigir/dev/thirdparty/iai_kinect2_ws/src/iai_kinect2/kinect2_registration/CMakeFiles/CMakeTmp'
Building CXX object CMakeFiles/cmTC_63e9e.dir/CheckSymbolExists.cxx.o
/usr/bin/c++    -DBT_USE_DOUBLE_PRECISION -Wall -Wuninitialized -Winit-self -Wunused-function -Wunused-label -Wunused-variable -Wunused-but-set-variable -Wunused-but-set-parameter -Warray-bounds -Wtype-limits -Wreturn-type -Wsequence-point -Wparentheses -Wmissing-braces -Wchar-subscripts -Wswitch -Wwrite-strings -Wenum-compare -Wempty-body -std=c++14    -o CMakeFiles/cmTC_63e9e.dir/CheckSymbolExists.cxx.o -c /home/wigir/dev/thirdparty/iai_kinect2_ws/src/iai_kinect2/kinect2_registration/CMakeFiles/CMakeTmp/CheckSymbolExists.cxx
/home/wigir/dev/thirdparty/iai_kinect2_ws/src/iai_kinect2/kinect2_registration/CMakeFiles/CMakeTmp/CheckSymbolExists.cxx:2:10: fatal error: OpenCL_INCLUDE_DIR-NOTFOUND/CL/cl.h: No such file or directory
    2 | #include <OpenCL_INCLUDE_DIR-NOTFOUND/CL/cl.h>
      |          ^~~~~~~~~~~~~~~~~~~~~~~~~~~~~~~~~~~~~
compilation terminated.
make[1]: *** [CMakeFiles/cmTC_63e9e.dir/build.make:66: CMakeFiles/cmTC_63e9e.dir/CheckSymbolExists.cxx.o] Error 1
make[1]: Leaving directory '/home/wigir/dev/thirdparty/iai_kinect2_ws/src/iai_kinect2/kinect2_registration/CMakeFiles/CMakeTmp'
make: *** [Makefile:121: cmTC_63e9e/fast] Error 2


File /home/wigir/dev/thirdparty/iai_kinect2_ws/src/iai_kinect2/kinect2_registration/CMakeFiles/CMakeTmp/CheckSymbolExists.cxx:
/* */
#include <OpenCL_INCLUDE_DIR-NOTFOUND/CL/cl.h>

int main(int argc, char** argv)
{
  (void)argv;
#ifndef CL_VERSION_2_0
  return ((int*)(&CL_VERSION_2_0))[argc];
#else
  (void)argc;
  return 0;
#endif
}
Determining if the CL_VERSION_1_2 exist failed with the following output:
Change Dir: /home/wigir/dev/thirdparty/iai_kinect2_ws/src/iai_kinect2/kinect2_registration/CMakeFiles/CMakeTmp

Run Build Command(s):/usr/bin/make cmTC_29bd2/fast && /usr/bin/make -f CMakeFiles/cmTC_29bd2.dir/build.make CMakeFiles/cmTC_29bd2.dir/build
make[1]: Entering directory '/home/wigir/dev/thirdparty/iai_kinect2_ws/src/iai_kinect2/kinect2_registration/CMakeFiles/CMakeTmp'
Building CXX object CMakeFiles/cmTC_29bd2.dir/CheckSymbolExists.cxx.o
/usr/bin/c++    -DBT_USE_DOUBLE_PRECISION -Wall -Wuninitialized -Winit-self -Wunused-function -Wunused-label -Wunused-variable -Wunused-but-set-variable -Wunused-but-set-parameter -Warray-bounds -Wtype-limits -Wreturn-type -Wsequence-point -Wparentheses -Wmissing-braces -Wchar-subscripts -Wswitch -Wwrite-strings -Wenum-compare -Wempty-body -std=c++14    -o CMakeFiles/cmTC_29bd2.dir/CheckSymbolExists.cxx.o -c /home/wigir/dev/thirdparty/iai_kinect2_ws/src/iai_kinect2/kinect2_registration/CMakeFiles/CMakeTmp/CheckSymbolExists.cxx
/home/wigir/dev/thirdparty/iai_kinect2_ws/src/iai_kinect2/kinect2_registration/CMakeFiles/CMakeTmp/CheckSymbolExists.cxx:2:10: fatal error: OpenCL_INCLUDE_DIR-NOTFOUND/CL/cl.h: No such file or directory
    2 | #include <OpenCL_INCLUDE_DIR-NOTFOUND/CL/cl.h>
      |          ^~~~~~~~~~~~~~~~~~~~~~~~~~~~~~~~~~~~~
compilation terminated.
make[1]: *** [CMakeFiles/cmTC_29bd2.dir/build.make:66: CMakeFiles/cmTC_29bd2.dir/CheckSymbolExists.cxx.o] Error 1
make[1]: Leaving directory '/home/wigir/dev/thirdparty/iai_kinect2_ws/src/iai_kinect2/kinect2_registration/CMakeFiles/CMakeTmp'
make: *** [Makefile:121: cmTC_29bd2/fast] Error 2


File /home/wigir/dev/thirdparty/iai_kinect2_ws/src/iai_kinect2/kinect2_registration/CMakeFiles/CMakeTmp/CheckSymbolExists.cxx:
/* */
#include <OpenCL_INCLUDE_DIR-NOTFOUND/CL/cl.h>

int main(int argc, char** argv)
{
  (void)argv;
#ifndef CL_VERSION_1_2
  return ((int*)(&CL_VERSION_1_2))[argc];
#else
  (void)argc;
  return 0;
#endif
}
Determining if the CL_VERSION_1_1 exist failed with the following output:
Change Dir: /home/wigir/dev/thirdparty/iai_kinect2_ws/src/iai_kinect2/kinect2_registration/CMakeFiles/CMakeTmp

Run Build Command(s):/usr/bin/make cmTC_34b96/fast && /usr/bin/make -f CMakeFiles/cmTC_34b96.dir/build.make CMakeFiles/cmTC_34b96.dir/build
make[1]: Entering directory '/home/wigir/dev/thirdparty/iai_kinect2_ws/src/iai_kinect2/kinect2_registration/CMakeFiles/CMakeTmp'
Building CXX object CMakeFiles/cmTC_34b96.dir/CheckSymbolExists.cxx.o
/usr/bin/c++    -DBT_USE_DOUBLE_PRECISION -Wall -Wuninitialized -Winit-self -Wunused-function -Wunused-label -Wunused-variable -Wunused-but-set-variable -Wunused-but-set-parameter -Warray-bounds -Wtype-limits -Wreturn-type -Wsequence-point -Wparentheses -Wmissing-braces -Wchar-subscripts -Wswitch -Wwrite-strings -Wenum-compare -Wempty-body -std=c++14    -o CMakeFiles/cmTC_34b96.dir/CheckSymbolExists.cxx.o -c /home/wigir/dev/thirdparty/iai_kinect2_ws/src/iai_kinect2/kinect2_registration/CMakeFiles/CMakeTmp/CheckSymbolExists.cxx
/home/wigir/dev/thirdparty/iai_kinect2_ws/src/iai_kinect2/kinect2_registration/CMakeFiles/CMakeTmp/CheckSymbolExists.cxx:2:10: fatal error: OpenCL_INCLUDE_DIR-NOTFOUND/CL/cl.h: No such file or directory
    2 | #include <OpenCL_INCLUDE_DIR-NOTFOUND/CL/cl.h>
      |          ^~~~~~~~~~~~~~~~~~~~~~~~~~~~~~~~~~~~~
compilation terminated.
make[1]: *** [CMakeFiles/cmTC_34b96.dir/build.make:66: CMakeFiles/cmTC_34b96.dir/CheckSymbolExists.cxx.o] Error 1
make[1]: Leaving directory '/home/wigir/dev/thirdparty/iai_kinect2_ws/src/iai_kinect2/kinect2_registration/CMakeFiles/CMakeTmp'
make: *** [Makefile:121: cmTC_34b96/fast] Error 2


File /home/wigir/dev/thirdparty/iai_kinect2_ws/src/iai_kinect2/kinect2_registration/CMakeFiles/CMakeTmp/CheckSymbolExists.cxx:
/* */
#include <OpenCL_INCLUDE_DIR-NOTFOUND/CL/cl.h>

int main(int argc, char** argv)
{
  (void)argv;
#ifndef CL_VERSION_1_1
  return ((int*)(&CL_VERSION_1_1))[argc];
#else
  (void)argc;
  return 0;
#endif
}
Determining if the CL_VERSION_1_0 exist failed with the following output:
Change Dir: /home/wigir/dev/thirdparty/iai_kinect2_ws/src/iai_kinect2/kinect2_registration/CMakeFiles/CMakeTmp

Run Build Command(s):/usr/bin/make cmTC_81995/fast && /usr/bin/make -f CMakeFiles/cmTC_81995.dir/build.make CMakeFiles/cmTC_81995.dir/build
make[1]: Entering directory '/home/wigir/dev/thirdparty/iai_kinect2_ws/src/iai_kinect2/kinect2_registration/CMakeFiles/CMakeTmp'
Building CXX object CMakeFiles/cmTC_81995.dir/CheckSymbolExists.cxx.o
/usr/bin/c++    -DBT_USE_DOUBLE_PRECISION -Wall -Wuninitialized -Winit-self -Wunused-function -Wunused-label -Wunused-variable -Wunused-but-set-variable -Wunused-but-set-parameter -Warray-bounds -Wtype-limits -Wreturn-type -Wsequence-point -Wparentheses -Wmissing-braces -Wchar-subscripts -Wswitch -Wwrite-strings -Wenum-compare -Wempty-body -std=c++14    -o CMakeFiles/cmTC_81995.dir/CheckSymbolExists.cxx.o -c /home/wigir/dev/thirdparty/iai_kinect2_ws/src/iai_kinect2/kinect2_registration/CMakeFiles/CMakeTmp/CheckSymbolExists.cxx
/home/wigir/dev/thirdparty/iai_kinect2_ws/src/iai_kinect2/kinect2_registration/CMakeFiles/CMakeTmp/CheckSymbolExists.cxx:2:10: fatal error: OpenCL_INCLUDE_DIR-NOTFOUND/CL/cl.h: No such file or directory
    2 | #include <OpenCL_INCLUDE_DIR-NOTFOUND/CL/cl.h>
      |          ^~~~~~~~~~~~~~~~~~~~~~~~~~~~~~~~~~~~~
compilation terminated.
make[1]: *** [CMakeFiles/cmTC_81995.dir/build.make:66: CMakeFiles/cmTC_81995.dir/CheckSymbolExists.cxx.o] Error 1
make[1]: Leaving directory '/home/wigir/dev/thirdparty/iai_kinect2_ws/src/iai_kinect2/kinect2_registration/CMakeFiles/CMakeTmp'
make: *** [Makefile:121: cmTC_81995/fast] Error 2


File /home/wigir/dev/thirdparty/iai_kinect2_ws/src/iai_kinect2/kinect2_registration/CMakeFiles/CMakeTmp/CheckSymbolExists.cxx:
/* */
#include <OpenCL_INCLUDE_DIR-NOTFOUND/CL/cl.h>

int main(int argc, char** argv)
{
  (void)argv;
#ifndef CL_VERSION_1_0
  return ((int*)(&CL_VERSION_1_0))[argc];
#else
  (void)argc;
  return 0;
#endif
}
